  Function.cpp
E:\Tri\Project2019\Project1_ComputerArchitecture\Project1_ComputerArchitecture\Function.cpp(4,24): warning C4267: 'initializing': conversion from 'size_t' to 'int', possible loss of data
E:\Tri\Project2019\Project1_ComputerArchitecture\Project1_ComputerArchitecture\Function.cpp(4,44): warning C4267: 'initializing': conversion from 'size_t' to 'int', possible loss of data
E:\Tri\Project2019\Project1_ComputerArchitecture\Project1_ComputerArchitecture\Function.cpp(22,24): warning C4267: 'initializing': conversion from 'size_t' to 'int', possible loss of data
E:\Tri\Project2019\Project1_ComputerArchitecture\Project1_ComputerArchitecture\Function.cpp(22,44): warning C4267: 'initializing': conversion from 'size_t' to 'int', possible loss of data
E:\Tri\Project2019\Project1_ComputerArchitecture\Project1_ComputerArchitecture\Function.cpp(56,24): warning C4267: 'initializing': conversion from 'size_t' to 'int', possible loss of data
E:\Tri\Project2019\Project1_ComputerArchitecture\Project1_ComputerArchitecture\Function.cpp(56,44): warning C4267: 'initializing': conversion from 'size_t' to 'int', possible loss of data
E:\Tri\Project2019\Project1_ComputerArchitecture\Project1_ComputerArchitecture\Function.cpp(249,28): warning C4267: 'initializing': conversion from 'size_t' to 'int', possible loss of data
E:\Tri\Project2019\Project1_ComputerArchitecture\Project1_ComputerArchitecture\Function.cpp(280,18): warning C4267: '=': conversion from 'size_t' to 'int', possible loss of data
E:\Tri\Project2019\Project1_ComputerArchitecture\Project1_ComputerArchitecture\Function.cpp(290,22): warning C4267: 'initializing': conversion from 'size_t' to 'int', possible loss of data
E:\Tri\Project2019\Project1_ComputerArchitecture\Project1_ComputerArchitecture\Function.cpp(403,22): warning C4267: 'initializing': conversion from 'size_t' to 'int', possible loss of data
E:\Tri\Project2019\Project1_ComputerArchitecture\Project1_ComputerArchitecture\Function.cpp(420,22): warning C4267: 'initializing': conversion from 'size_t' to 'int', possible loss of data
E:\Tri\Project2019\Project1_ComputerArchitecture\Project1_ComputerArchitecture\Function.cpp(438,21): warning C4267: 'initializing': conversion from 'size_t' to 'int', possible loss of data
E:\Tri\Project2019\Project1_ComputerArchitecture\Project1_ComputerArchitecture\Function.cpp(438,38): warning C4267: 'initializing': conversion from 'size_t' to 'int', possible loss of data
E:\Tri\Project2019\Project1_ComputerArchitecture\Project1_ComputerArchitecture\Function.cpp(448,39): warning C4267: 'initializing': conversion from 'size_t' to 'int', possible loss of data
E:\Tri\Project2019\Project1_ComputerArchitecture\Project1_ComputerArchitecture\Function.cpp(469,39): warning C4267: 'initializing': conversion from 'size_t' to 'int', possible loss of data
E:\Tri\Project2019\Project1_ComputerArchitecture\Project1_ComputerArchitecture\Function.cpp(494,22): warning C4267: 'initializing': conversion from 'size_t' to 'int', possible loss of data
E:\Tri\Project2019\Project1_ComputerArchitecture\Project1_ComputerArchitecture\Function.cpp(511,22): warning C4267: 'initializing': conversion from 'size_t' to 'int', possible loss of data
E:\Tri\Project2019\Project1_ComputerArchitecture\Project1_ComputerArchitecture\Function.cpp(530,20): warning C4267: 'initializing': conversion from 'size_t' to 'int', possible loss of data
E:\Tri\Project2019\Project1_ComputerArchitecture\Project1_ComputerArchitecture\Function.cpp(544,30): warning C4267: 'initializing': conversion from 'size_t' to 'int', possible loss of data
  Main.cpp
  Generating Code...
  Project1_ComputerArchitecture.vcxproj -> E:\Tri\Project2019\Project1_ComputerArchitecture\x64\Debug\Project1_ComputerArchitecture.exe
